The capital city of Italy is Rome.
The capital city of Finland is Helsinki.
The capital city of Bosnia Herzegovina is Sarajevo.
The capital city of Sweden is Stockholm.
The capital city of Denmark is Copenhagen.
The capital city of Bosnia Herzegovina is Sarajevo.
The capital city of Ireland is Dublin.
The capital city of Belgium is Brussels.
The capital city of Norway is Oslo.
The capital city of Greece is Athens.
The capital city of Spain is Madrid.
The capital city of Switzerland is Bern.
The capital city of Liechtenstein is Vaduz.
The capital city of Monaco is Monaco.
The capital city of Malta is Valletta.
The capital city of Portugal is Lisbon.
The capital city of Austria is Vienna.
The capital city of Hungary is Budapest.
The capital city of UK is London.
The capital city of France is Paris.
